<?xml version="1.0" encoding="UTF-8"?>
<!-- Generated by org.testng.reporters.JUnitReportReporter -->
<testsuite hostname="DESKTOP-7QD66SA" failures="0" tests="3" name="com.bridgelabz.test.WebinarScript" time="23.658" errors="0" timestamp="2023-03-03T21:23:39 IST" skipped="0">
  <testcase classname="com.bridgelabz.test.WebinarScript" name="webinarScreen" time="4.870"/>
  <system-out/>
  <testcase classname="com.bridgelabz.test.WebinarScript" name="webinarScreen" time="3.766"/>
  <system-out/>
  <testcase classname="com.bridgelabz.test.WebinarScript" name="webinarScreen" time="15.022"/>
  <system-out/>
</testsuite> <!-- com.bridgelabz.test.WebinarScript -->
