<?xml version="1.0" encoding="UTF-8"?>
<!-- Generated by org.testng.reporters.JUnitReportReporter -->
<testsuite hostname="DESKTOP-7QD66SA" failures="0" tests="1" name="com.bridgelabz.test.TestMethodParameter" time="20.206" errors="0" timestamp="2023-03-03T21:23:39 IST" skipped="0">
  <testcase classname="com.bridgelabz.test.TestMethodParameter" name="test_PhNo_EId" time="20.206"/>
  <system-out/>
</testsuite> <!-- com.bridgelabz.test.TestMethodParameter -->
