<?xml version="1.0" encoding="UTF-8"?>
<!-- Generated by org.testng.reporters.JUnitReportReporter -->
<testsuite hostname="DESKTOP-7QD66SA" failures="0" tests="1" name="com.bridgelabz.test.JavaScriptExecutor" time="10.070" errors="0" timestamp="2023-03-03T21:23:39 IST" skipped="0">
  <testcase classname="com.bridgelabz.test.JavaScriptExecutor" name="javaScriptExecutor_TestGuru99_Website" time="10.070"/>
  <system-out/>
</testsuite> <!-- com.bridgelabz.test.JavaScriptExecutor -->
